Determining if the pthread_create exist failed with the following output:
Change Dir: /home/arman/jetBrains_ws/build/CMakeFiles/CMakeTmp

Run Build Command:"/usr/bin/make" "cmTC_b091b/fast"
/usr/bin/make -f CMakeFiles/cmTC_b091b.dir/build.make CMakeFiles/cmTC_b091b.dir/build
make[1]: Entering directory '/home/arman/jetBrains_ws/build/CMakeFiles/CMakeTmp'
Building C object CMakeFiles/cmTC_b091b.dir/CheckSymbolExists.c.o
/usr/bin/cc     -o CMakeFiles/cmTC_b091b.dir/CheckSymbolExists.c.o   -c /home/arman/jetBrains_ws/build/CMakeFiles/CMakeTmp/CheckSymbolExists.c
Linking C executable cmTC_b091b
/usr/bin/cmake -E cmake_link_script CMakeFiles/cmTC_b091b.dir/link.txt --verbose=1
/usr/bin/cc       CMakeFiles/cmTC_b091b.dir/CheckSymbolExists.c.o  -o cmTC_b091b -rdynamic 
CMakeFiles/cmTC_b091b.dir/CheckSymbolExists.c.o: In function `main':
CheckSymbolExists.c:(.text+0x16): undefined reference to `pthread_create'
collect2: error: ld returned 1 exit status
CMakeFiles/cmTC_b091b.dir/build.make:97: recipe for target 'cmTC_b091b' failed
make[1]: *** [cmTC_b091b] Error 1
make[1]: Leaving directory '/home/arman/jetBrains_ws/build/CMakeFiles/CMakeTmp'
Makefile:126: recipe for target 'cmTC_b091b/fast' failed
make: *** [cmTC_b091b/fast] Error 2

File /home/arman/jetBrains_ws/build/CMakeFiles/CMakeTmp/CheckSymbolExists.c:
/* */
#include <pthread.h>

int main(int argc, char** argv)
{
  (void)argv;
#ifndef pthread_create
  return ((int*)(&pthread_create))[argc];
#else
  (void)argc;
  return 0;
#endif
}

Determining if the function pthread_create exists in the pthreads failed with the following output:
Change Dir: /home/arman/jetBrains_ws/build/CMakeFiles/CMakeTmp

Run Build Command:"/usr/bin/make" "cmTC_abebc/fast"
/usr/bin/make -f CMakeFiles/cmTC_abebc.dir/build.make CMakeFiles/cmTC_abebc.dir/build
make[1]: Entering directory '/home/arman/jetBrains_ws/build/CMakeFiles/CMakeTmp'
Building C object CMakeFiles/cmTC_abebc.dir/CheckFunctionExists.c.o
/usr/bin/cc    -DCHECK_FUNCTION_EXISTS=pthread_create   -o CMakeFiles/cmTC_abebc.dir/CheckFunctionExists.c.o   -c /usr/share/cmake-3.5/Modules/CheckFunctionExists.c
Linking C executable cmTC_abebc
/usr/bin/cmake -E cmake_link_script CMakeFiles/cmTC_abebc.dir/link.txt --verbose=1
/usr/bin/cc   -DCHECK_FUNCTION_EXISTS=pthread_create    CMakeFiles/cmTC_abebc.dir/CheckFunctionExists.c.o  -o cmTC_abebc -rdynamic -lpthreads 
/usr/bin/ld: cannot find -lpthreads
collect2: error: ld returned 1 exit status
CMakeFiles/cmTC_abebc.dir/build.make:97: recipe for target 'cmTC_abebc' failed
make[1]: *** [cmTC_abebc] Error 1
make[1]: Leaving directory '/home/arman/jetBrains_ws/build/CMakeFiles/CMakeTmp'
Makefile:126: recipe for target 'cmTC_abebc/fast' failed
make: *** [cmTC_abebc/fast] Error 2


